\BOOKMARK [0][-]{chapter.1}{Introduction}{}
\BOOKMARK [1][-]{section.1.1}{Preamble}{chapter.1}
\BOOKMARK [1][-]{section.1.2}{The KaSim engine}{chapter.1}
\BOOKMARK [1][-]{section.1.3}{Support}{chapter.1}
\BOOKMARK [0][-]{chapter.2}{Installation}{}
\BOOKMARK [1][-]{section.2.1}{Obtaining the sources}{chapter.2}
\BOOKMARK [1][-]{section.2.2}{Compilation}{chapter.2}
\BOOKMARK [0][-]{chapter.3}{The command line}{}
\BOOKMARK [1][-]{section.3.1}{General usage}{chapter.3}
\BOOKMARK [1][-]{section.3.2}{Main options}{chapter.3}
\BOOKMARK [1][-]{section.3.3}{Advanced options}{chapter.3}
\BOOKMARK [2][-]{subsection.3.3.1}{The activation and flux maps}{section.3.3}
\BOOKMARK [0][-]{chapter.4}{The kappa file}{}
\BOOKMARK [1][-]{section.4.1}{General remarks}{chapter.4}
\BOOKMARK [1][-]{section.4.2}{Agent signature}{chapter.4}
\BOOKMARK [1][-]{section.4.3}{Rules}{chapter.4}
\BOOKMARK [2][-]{subsection.4.3.1}{A simple rule}{section.4.3}
\BOOKMARK [2][-]{subsection.4.3.2}{Adding and deleting agents}{section.4.3}
\BOOKMARK [2][-]{subsection.4.3.3}{Side effects}{section.4.3}
\BOOKMARK [2][-]{subsection.4.3.4}{Kinetic rates}{section.4.3}
\BOOKMARK [1][-]{section.4.4}{Variables}{chapter.4}
\BOOKMARK [1][-]{section.4.5}{Initial conditions}{chapter.4}
\BOOKMARK [0][-]{chapter.5}{A simple model}{}
\BOOKMARK [1][-]{section.5.1}{ABC.ka}{chapter.5}
\BOOKMARK [1][-]{section.5.2}{Some runs}{chapter.5}
\BOOKMARK [0][-]{chapter.6}{Advanced concepts}{}
\BOOKMARK [1][-]{section.6.1}{Perturbation language}{chapter.6}
\BOOKMARK [2][-]{subsection.6.1.1}{Syntax}{section.6.1}
\BOOKMARK [2][-]{subsection.6.1.2}{Example 1: introducing new agents during the simulation}{section.6.1}
\BOOKMARK [2][-]{subsection.6.1.3}{Example 2: Defining a new initial state}{section.6.1}
\BOOKMARK [1][-]{section.6.2}{Link type}{chapter.6}
\BOOKMARK [1][-]{section.6.3}{Implicit signature}{chapter.6}
\BOOKMARK [1][-]{section.6.4}{Influence map}{chapter.6}
\BOOKMARK [1][-]{section.6.5}{Flux map}{chapter.6}
\BOOKMARK [1][-]{section.6.6}{Simulation packages}{chapter.6}
